This file contains any messages produced by compilers while
running configure, to aid debugging if configure makes a mistake.

It was created by Lioshi  configure 1.4, which was
generated by GNU Autoconf 2.69.  Invocation command line was

  $ ./configure --prefix=/usr

## --------- ##
## Platform. ##
## --------- ##

hostname = lioshi-dell
uname -m = x86_64
uname -r = 4.13.12-300.fc27.x86_64
uname -s = Linux
uname -v = #1 SMP Wed Nov 8 16:38:01 UTC 2017

/usr/bin/uname -p = x86_64
/bin/uname -X     = unknown

/bin/arch              = x86_64
/usr/bin/arch -k       = unknown
/usr/convex/getsysinfo = unknown
/usr/bin/hostinfo      = unknown
/bin/machine           = unknown
/usr/bin/oslevel       = unknown
/bin/universe          = unknown

PATH: /usr/lib64/qt-3.3/bin
PATH: /usr/local/bin
PATH: /usr/local/sbin
PATH: /usr/bin
PATH: /usr/sbin
PATH: /home/lioshi/.composer/vendor/bin
PATH: /home/lioshi/.local/bin
PATH: /home/lioshi/bin


## ----------- ##
## Core tests. ##
## ----------- ##

configure:1614: loading site script /usr/share/config.site
| # This is the config.site file to satisfy FHS defaults when installing below
| # /usr.
| #
| # You may override this file by your config.site using the CONFIG_SITE env
| # variable.
| #
| # Note: This file includes also RHEL/Fedora fix for installing libraries into
| # "/lib/lib64" on 64bit systems.
| 
| if test -n "$host"; then
|     # skip when cross-compiling
|     return 0
| fi
| 
| if test "$prefix" = /usr \
|    || { test "$prefix" = NONE && test "$ac_default_prefix" = /usr ; }
| then
|     test "$sysconfdir" = '${prefix}/etc' && sysconfdir=/etc
|     test "$sharedstatedir" = '${prefix}/com' && sharedstatedir=/var
|     test "$localstatedir" = '${prefix}/var' && localstatedir=/var
| 
|     ARCH=`uname -m`
|     for i in x86_64 ppc64 s390x aarch64; do
|         if test $ARCH = $i; then
|             test "$libdir" = '${exec_prefix}/lib' && libdir='${exec_prefix}/lib64'
|             break
|         fi
|     done
| fi
configure:1755: checking for a BSD-compatible install
configure:1823: result: /usr/bin/install -c
configure:1834: checking whether build environment is sane
configure:1889: result: yes
configure:2040: checking for a thread-safe mkdir -p
configure:2079: result: /usr/bin/mkdir -p
configure:2086: checking for gawk
configure:2102: found /usr/bin/gawk
configure:2113: result: gawk
configure:2124: checking whether make sets $(MAKE)
configure:2146: result: yes
configure:2175: checking whether make supports nested variables
configure:2192: result: yes
configure:2281: checking whether UID '1000' is supported by ustar format
configure:2284: result: yes
configure:2291: checking whether GID '1000' is supported by ustar format
configure:2294: result: yes
configure:2302: checking how to create a ustar tar archive
configure:2313: tar --version
tar (GNU tar) 1.29
Copyright (C) 2015 Free Software Foundation, Inc.
License GPLv3+: GNU GPL version 3 or later <http://gnu.org/licenses/gpl.html>.
This is free software: you are free to change and redistribute it.
There is NO WARRANTY, to the extent permitted by law.

Written by John Gilmore and Jay Fenlason.
configure:2316: $? = 0
configure:2356: tardir=conftest.dir && eval tar --format=ustar -chf - "$tardir" >conftest.tar
configure:2359: $? = 0
configure:2363: tar -xf - <conftest.tar
configure:2366: $? = 0
configure:2368: cat conftest.dir/file
GrepMe
configure:2371: $? = 0
configure:2384: result: gnutar
configure:2446: checking whether make supports nested variables
configure:2463: result: yes
configure:2623: checking that generated files are newer than configure
configure:2629: result: done
configure:2637: creating ./config.status

## ---------------------- ##
## Running config.status. ##
## ---------------------- ##

This file was extended by Lioshi  config.status 1.4, which was
generated by GNU Autoconf 2.69.  Invocation command line was

  CONFIG_FILES    = 
  CONFIG_HEADERS  = 
  CONFIG_LINKS    = 
  CONFIG_COMMANDS = 
  $ ./config.status 

on lioshi-dell

config.status:743: creating Makefile
configure:3666: result:
        Lioshi Icon Theme 1.4
        ========

        prefix:                 /usr
        exec_prefix:            ${prefix}
        datarootdir:            ${prefix}/share



## ---------------- ##
## Cache variables. ##
## ---------------- ##

ac_cv_env_build_alias_set=
ac_cv_env_build_alias_value=
ac_cv_env_host_alias_set=
ac_cv_env_host_alias_value=
ac_cv_env_target_alias_set=
ac_cv_env_target_alias_value=
ac_cv_path_install='/usr/bin/install -c'
ac_cv_path_mkdir=/usr/bin/mkdir
ac_cv_prog_AWK=gawk
ac_cv_prog_make_make_set=yes
am_cv_make_support_nested_variables=yes
am_cv_prog_tar_ustar=gnutar

## ----------------- ##
## Output variables. ##
## ----------------- ##

ACLOCAL='${SHELL} /home/lioshi/data/gitlibs/lioshi-icon-theme/missing aclocal-1.15'
AMTAR='$${TAR-tar}'
AM_BACKSLASH='\'
AM_DEFAULT_V='$(AM_DEFAULT_VERBOSITY)'
AM_DEFAULT_VERBOSITY='0'
AM_V='$(V)'
AUTOCONF='${SHELL} /home/lioshi/data/gitlibs/lioshi-icon-theme/missing autoconf'
AUTOHEADER='${SHELL} /home/lioshi/data/gitlibs/lioshi-icon-theme/missing autoheader'
AUTOMAKE='${SHELL} /home/lioshi/data/gitlibs/lioshi-icon-theme/missing automake-1.15'
AWK='gawk'
CYGPATH_W='echo'
DEFS='-DPACKAGE_NAME=\"Lioshi\ \" -DPACKAGE_TARNAME=\"lioshi-icon-theme\" -DPACKAGE_VERSION=\"1.4\" -DPACKAGE_STRING=\"Lioshi\ \ 1.4\" -DPACKAGE_BUGREPORT=\"https://github.com/snwh/lioshi-icon-theme/issues\" -DPACKAGE_URL=\"http://snwh.org/lioshi\" -DPACKAGE=\"lioshi-icon-theme\" -DVERSION=\"1.4\"'
ECHO_C=''
ECHO_N='-n'
ECHO_T=''
INSTALL_DATA='${INSTALL} -m 644'
INSTALL_PROGRAM='${INSTALL}'
INSTALL_SCRIPT='${INSTALL}'
INSTALL_STRIP_PROGRAM='$(install_sh) -c -s'
LIBOBJS=''
LIBS=''
LTLIBOBJS=''
MAKEINFO='${SHELL} /home/lioshi/data/gitlibs/lioshi-icon-theme/missing makeinfo'
MKDIR_P='/usr/bin/mkdir -p'
PACKAGE='lioshi-icon-theme'
PACKAGE_BUGREPORT='https://github.com/snwh/lioshi-icon-theme/issues'
PACKAGE_NAME='Lioshi '
PACKAGE_STRING='Lioshi  1.4'
PACKAGE_TARNAME='lioshi-icon-theme'
PACKAGE_URL='http://snwh.org/lioshi'
PACKAGE_VERSION='1.4'
PATH_SEPARATOR=':'
SET_MAKE=''
SHELL='/bin/sh'
STRIP=''
VERSION='1.4'
am__isrc=''
am__leading_dot='.'
am__tar='tar --format=ustar -chf - "$$tardir"'
am__untar='tar -xf -'
bindir='${exec_prefix}/bin'
build_alias=''
datadir='${datarootdir}'
datarootdir='${prefix}/share'
docdir='${datarootdir}/doc/${PACKAGE_TARNAME}'
dvidir='${docdir}'
exec_prefix='${prefix}'
host_alias=''
htmldir='${docdir}'
includedir='${prefix}/include'
infodir='${datarootdir}/info'
install_sh='${SHELL} /home/lioshi/data/gitlibs/lioshi-icon-theme/install-sh'
libdir='${exec_prefix}/lib64'
libexecdir='${exec_prefix}/libexec'
localedir='${datarootdir}/locale'
localstatedir='/var'
mandir='${datarootdir}/man'
mkdir_p='$(MKDIR_P)'
oldincludedir='/usr/include'
pdfdir='${docdir}'
prefix='/usr'
program_transform_name='s,x,x,'
psdir='${docdir}'
sbindir='${exec_prefix}/sbin'
sharedstatedir='/var'
sysconfdir='/etc'
target_alias=''

## ----------- ##
## confdefs.h. ##
## ----------- ##

/* confdefs.h */
#define PACKAGE_NAME "Lioshi "
#define PACKAGE_TARNAME "lioshi-icon-theme"
#define PACKAGE_VERSION "1.4"
#define PACKAGE_STRING "Lioshi  1.4"
#define PACKAGE_BUGREPORT "https://github.com/snwh/lioshi-icon-theme/issues"
#define PACKAGE_URL "http://snwh.org/lioshi"
#define PACKAGE "lioshi-icon-theme"
#define VERSION "1.4"

configure: exit 0
